Arguments: 
  C:\Program Files\nodejs\node.exe C:\Users\Dorfm\AppData\Roaming\npm\node_modules\yarn\bin\yarn.js add react-native-reanimatedyarn add react-native-reanimated

PATH: 
  C:\WINDOWS\system32;C:\WINDOWS;C:\WINDOWS\System32\Wbem;C:\WINDOWS\System32\WindowsPowerShell\v1.0\;C:\WINDOWS\System32\OpenSSH\;C:\Program Files\Intel\WiFi\bin\;C:\Program Files\Common Files\Intel\WirelessCommon\;C:\Program Files\Microsoft SQL Server\130\Tools\Binn\;C:\Program Files\dotnet\;C:\WINDOWS\system32;C:\WINDOWS;C:\WINDOWS\System32\Wbem;C:\WINDOWS\System32\WindowsPowerShell\v1.0\;C:\WINDOWS\System32\OpenSSH\;C:\Program Files\Docker\Docker\resources\bin;C:\Program Files\Git\cmd;C:\Program Files\nodejs\;C:\Program Files (x86)\Windows Kits\10\Windows Performance Toolkit\;C:\Program Files\CMake\bin;C:\Program Files\PowerShell\7\;C:\Users\Dorfm\.windows-build-tools\python27\;C:\Users\Dorfm\AppData\Roaming\npm\node_modules\windows-build-tools\node_modules\.bin;C:\Users\Dorfm\AppData\Roaming\npm\node_modules\node_modules\.bin;C:\Users\Dorfm\AppData\Roaming\npm\node_modules\.bin;C:\Users\Dorfm\AppData\Roaming\node_modules\.bin;C:\Users\Dorfm\AppData\node_modules\.bin;C:\Users\Dorfm\node_modules\.bin;C:\Users\node_modules\.bin;C:\node_modules\.bin;C:\Users\Dorfm\AppData\Roaming\npm\node_modules\npm\node_modules\@npmcli\run-script\lib\node-gyp-bin;C:\Program Files\Microsoft SQL Server\Client SDK\ODBC\170\Tools\Binn\;C:\Program Files (x86)\dotnet\;C:\Users\Dorfm\AppData\Local\Microsoft\WindowsApps;C:\Program Files\Java\jdk-13.0.2\bin;C:\Users\Dorfm\Downloads\apache-ant-1.10.7-bin\apache-ant-1.10.7\bin;C:\Users\Dorfm\.dotnet\tools;C:\Users\Dorfm\AppData\Local\Programs\Microsoft VS Code\bin;C:\Users\Dorfm\.dotnet\tools;C:\Users\Dorfm\AppData\Local\Microsoft\WindowsApps;C:\Program Files\kotlinc\bin;C:\Users\Dorfm\AppData\Roaming\npm

Yarn version: 
  1.22.19

Node version: 
  18.14.0

Platform: 
  win32 x64

Trace: 
  Error: https://registry.npmjs.org/react-native-reanimatedyarn: Not found
      at params.callback [as _callback] (C:\Users\Dorfm\AppData\Roaming\npm\node_modules\yarn\lib\cli.js:66145:18)
      at self.callback (C:\Users\Dorfm\AppData\Roaming\npm\node_modules\yarn\lib\cli.js:140890:22)
      at Request.emit (node:events:513:28)
      at Request.<anonymous> (C:\Users\Dorfm\AppData\Roaming\npm\node_modules\yarn\lib\cli.js:141862:10)
      at Request.emit (node:events:513:28)
      at IncomingMessage.<anonymous> (C:\Users\Dorfm\AppData\Roaming\npm\node_modules\yarn\lib\cli.js:141784:12)
      at Object.onceWrapper (node:events:627:28)
      at IncomingMessage.emit (node:events:525:35)
      at endReadableNT (node:internal/streams/readable:1359:12)
      at process.processTicksAndRejections (node:internal/process/task_queues:82:21)

npm manifest: 
  {
    "name": "my-groceries",
    "version": "1.0.0",
    "main": "node_modules/expo/AppEntry.js",
    "scripts": {
      "start": "expo start",
      "android": "expo start --android",
      "ios": "expo start --ios",
      "web": "expo start --web"
    },
    "dependencies": {
      "@expo/vector-icons": "^13.0.0",
      "@expo/webpack-config": "^18.0.1",
      "@react-navigation/drawer": "^6.6.2",
      "@react-navigation/native-stack": "^6.9.12",
      "expo": "^1.0.0",
      "expo-dev-client": "~2.1.5",
      "expo-image-picker": "~14.1.1",
      "expo-status-bar": "~1.4.4",
      "react": "18.2.0",
      "react-dom": "18.2.0",
      "react-native": "0.71.3",
      "react-native-gesture-handler": "~2.9.0",
      "react-native-reanimated": "~2.14.4",
      "react-native-safe-area-context": "^4.5.0",
      "react-native-screens": "^3.20.0",
      "react-native-web": "~0.18.10"
    },
    "devDependencies": {
      "@babel/core": "^7.20.0",
      "@babel/plugin-proposal-export-namespace-from": "^7.18.9"
    },
    "private": true
  }

yarn manifest: 
  No manifest

Lockfile: 
  No lockfile
